2020-02-17 10:24:51,533 INFO o.s.b.l.DeferredLog [restartedMain] Devtools property defaults active! Set 'spring.devtools.add-properties' to 'false' to disable
2020-02-17 10:24:51,983 INFO o.s.c.s.PostProcessorRegistrationDelegate$BeanPostProcessorChecker [restartedMain] Bean 'org.springframework.cloud.autoconfigure.ConfigurationPropertiesRebinderAutoConfiguration' of type [org.springframework.cloud.autoconfigure.ConfigurationPropertiesRebinderAutoConfiguration] is not eligible for getting processed by all BeanPostProcessors (for example: not eligible for auto-proxying)
2020-02-17 10:24:53,547 INFO o.s.b.SpringApplication [restartedMain] No active profile set, falling back to default profiles: default
2020-02-17 10:24:55,235 INFO o.s.c.c.s.GenericScope [restartedMain] BeanFactory id=58800d5c-15b6-3d35-887e-36b7572de9a8
2020-02-17 10:24:55,476 INFO o.s.c.s.PostProcessorRegistrationDelegate$BeanPostProcessorChecker [restartedMain] Bean 'org.springframework.cloud.autoconfigure.ConfigurationPropertiesRebinderAutoConfiguration' of type [org.springframework.cloud.autoconfigure.ConfigurationPropertiesRebinderAutoConfiguration] is not eligible for getting processed by all BeanPostProcessors (for example: not eligible for auto-proxying)
2020-02-17 10:24:56,242 INFO o.s.b.w.e.t.TomcatWebServer [restartedMain] Tomcat initialized with port(s): 8093 (http)
2020-02-17 10:24:56,271 INFO o.a.j.l.DirectJDKLog [restartedMain] Initializing ProtocolHandler ["http-nio-8093"]
2020-02-17 10:24:56,273 INFO o.a.j.l.DirectJDKLog [restartedMain] Starting service [Tomcat]
2020-02-17 10:24:56,275 INFO o.a.j.l.DirectJDKLog [restartedMain] Starting Servlet engine: [Apache Tomcat/9.0.30]
2020-02-17 10:24:56,474 INFO o.a.j.l.DirectJDKLog [restartedMain] Initializing Spring embedded WebApplicationContext
2020-02-17 10:24:56,475 INFO o.s.b.w.s.c.ServletWebServerApplicationContext [restartedMain] Root WebApplicationContext: initialization completed in 2893 ms
2020-02-17 10:24:57,418 WARN c.n.c.s.URLConfigurationSource [restartedMain] No URLs will be polled as dynamic configuration sources.
2020-02-17 10:24:57,419 INFO c.n.c.s.URLConfigurationSource [restartedMain] To enable URLs as dynamic configuration sources, define System property archaius.configurationSource.additionalUrls or make config.properties available on classpath.
2020-02-17 10:24:57,430 WARN c.n.c.s.URLConfigurationSource [restartedMain] No URLs will be polled as dynamic configuration sources.
2020-02-17 10:24:57,431 INFO c.n.c.s.URLConfigurationSource [restartedMain] To enable URLs as dynamic configuration sources, define System property archaius.configurationSource.additionalUrls or make config.properties available on classpath.
2020-02-17 10:24:57,848 INFO o.s.s.c.ExecutorConfigurationSupport [restartedMain] Initializing ExecutorService 'applicationTaskExecutor'
2020-02-17 10:24:58,444 WARN o.s.b.d.a.OptionalLiveReloadServer [restartedMain] Unable to start LiveReload server
2020-02-17 10:25:01,887 WARN o.s.c.l.c.BlockingLoadBalancerClientAutoConfiguration$BlockingLoadBalancerClientRibbonWarnLogger [restartedMain] You already have RibbonLoadBalancerClient on your classpath. It will be used by default. As Spring Cloud Ribbon is in maintenance mode. We recommend switching to BlockingLoadBalancerClient instead. In order to use it, set the value of `spring.cloud.loadbalancer.ribbon.enabled` to `false` or remove spring-cloud-starter-netflix-ribbon from your project.
2020-02-17 10:25:01,948 WARN o.s.c.l.c.LoadBalancerCacheAutoConfiguration$LoadBalancerCaffeineWarnLogger [restartedMain] Spring Cloud LoadBalancer is currently working with default default cache. You can switch to using Caffeine cache, by adding it to the classpath.
2020-02-17 10:25:02,195 INFO o.s.c.n.e.InstanceInfoFactory [restartedMain] Setting initial instance status as: STARTING
2020-02-17 10:25:02,322 INFO c.n.d.DiscoveryClient [restartedMain] Initializing Eureka in region us-east-1
2020-02-17 10:25:03,120 INFO c.n.d.p.DiscoveryJerseyProvider [restartedMain] Using JSON encoding codec LegacyJacksonJson
2020-02-17 10:25:03,120 INFO c.n.d.p.DiscoveryJerseyProvider [restartedMain] Using JSON decoding codec LegacyJacksonJson
2020-02-17 10:25:03,380 INFO c.n.d.p.DiscoveryJerseyProvider [restartedMain] Using XML encoding codec XStreamXml
2020-02-17 10:25:03,380 INFO c.n.d.p.DiscoveryJerseyProvider [restartedMain] Using XML decoding codec XStreamXml
2020-02-17 10:25:03,969 INFO c.n.d.s.r.a.ConfigClusterResolver [restartedMain] Resolving eureka endpoints via configuration
2020-02-17 10:25:04,527 INFO c.n.d.DiscoveryClient [restartedMain] Disable delta property : false
2020-02-17 10:25:04,528 INFO c.n.d.DiscoveryClient [restartedMain] Single vip registry refresh property : null
2020-02-17 10:25:04,528 INFO c.n.d.DiscoveryClient [restartedMain] Force full registry fetch : false
2020-02-17 10:25:04,529 INFO c.n.d.DiscoveryClient [restartedMain] Application is null : false
2020-02-17 10:25:04,529 INFO c.n.d.DiscoveryClient [restartedMain] Registered Applications size is zero : true
2020-02-17 10:25:04,530 INFO c.n.d.DiscoveryClient [restartedMain] Application version is -1: true
2020-02-17 10:25:04,532 INFO c.n.d.DiscoveryClient [restartedMain] Getting all instance registry info from the eureka server
2020-02-17 10:25:04,993 INFO c.n.d.DiscoveryClient [restartedMain] The response status is 200
2020-02-17 10:25:04,996 INFO c.n.d.DiscoveryClient [restartedMain] Starting heartbeat executor: renew interval is: 30
2020-02-17 10:25:05,011 INFO c.n.d.InstanceInfoReplicator [restartedMain] InstanceInfoReplicator onDemand update allowed rate per min is 4
2020-02-17 10:25:05,018 INFO c.n.d.DiscoveryClient [restartedMain] Discovery Client initialized at timestamp 1581915305016 with initial instances count: 2
2020-02-17 10:25:05,020 INFO o.s.c.n.e.s.EurekaServiceRegistry [restartedMain] Registering application CART with eureka with status UP
2020-02-17 10:25:05,022 INFO c.n.d.DiscoveryClient$3 [restartedMain] Saw local status change event StatusChangeEvent [timestamp=1581915305021, current=UP, previous=STARTING]
2020-02-17 10:25:05,025 INFO c.n.d.DiscoveryClient [DiscoveryClient-InstanceInfoReplicator-0] DiscoveryClient_CART/host.docker.internal:cart:8093: registering service...
2020-02-17 10:25:05,049 INFO o.a.j.l.DirectJDKLog [restartedMain] Starting ProtocolHandler ["http-nio-8093"]
2020-02-17 10:25:05,079 INFO o.s.b.w.e.t.TomcatWebServer [restartedMain] Tomcat started on port(s): 8093 (http) with context path ''
2020-02-17 10:25:05,081 INFO o.s.c.n.e.s.EurekaAutoServiceRegistration [restartedMain] Updating port to 8093
2020-02-17 10:25:05,090 INFO c.n.d.DiscoveryClient [DiscoveryClient-InstanceInfoReplicator-0] DiscoveryClient_CART/host.docker.internal:cart:8093 - registration status: 204
2020-02-17 10:25:05,644 INFO o.s.b.StartupInfoLogger [restartedMain] Started CartApplication in 17.118 seconds (JVM running for 22.421)
2020-02-17 10:26:06,671 INFO o.a.j.l.DirectJDKLog [http-nio-8093-exec-1] Initializing Spring DispatcherServlet 'dispatcherServlet'
2020-02-17 10:26:06,672 INFO o.s.w.s.FrameworkServlet [http-nio-8093-exec-1] Initializing Servlet 'dispatcherServlet'
2020-02-17 10:26:06,687 INFO o.s.w.s.FrameworkServlet [http-nio-8093-exec-1] Completed initialization in 15 ms
2020-02-17 10:26:06,766 INFO c.n.n.c.c.CartController [http-nio-8093-exec-1] Get cart for user:2
2020-02-17 10:26:07,744 INFO c.n.n.c.c.CartController [http-nio-8093-exec-6] Clear cart for user:2,2
2020-02-17 10:30:04,539 INFO c.n.d.s.r.a.ConfigClusterResolver [AsyncResolver-bootstrap-executor-0] Resolving eureka endpoints via configuration
2020-02-17 10:35:04,543 INFO c.n.d.s.r.a.ConfigClusterResolver [AsyncResolver-bootstrap-executor-0] Resolving eureka endpoints via configuration
2020-02-17 10:40:04,544 INFO c.n.d.s.r.a.ConfigClusterResolver [AsyncResolver-bootstrap-executor-0] Resolving eureka endpoints via configuration
2020-02-17 10:45:04,545 INFO c.n.d.s.r.a.ConfigClusterResolver [AsyncResolver-bootstrap-executor-0] Resolving eureka endpoints via configuration
2020-02-17 10:50:04,548 INFO c.n.d.s.r.a.ConfigClusterResolver [AsyncResolver-bootstrap-executor-0] Resolving eureka endpoints via configuration
2020-02-17 12:05:52,365 INFO c.n.d.s.r.a.ConfigClusterResolver [AsyncResolver-bootstrap-executor-0] Resolving eureka endpoints via configuration
2020-02-17 12:10:52,367 INFO c.n.d.s.r.a.ConfigClusterResolver [AsyncResolver-bootstrap-executor-0] Resolving eureka endpoints via configuration
