2020-08-27 00:14:36,976 INFO o.s.b.l.DeferredLog [restartedMain] Devtools property defaults active! Set 'spring.devtools.add-properties' to 'false' to disable
2020-08-27 00:14:37,399 INFO o.s.c.s.PostProcessorRegistrationDelegate$BeanPostProcessorChecker [restartedMain] Bean 'org.springframework.cloud.autoconfigure.ConfigurationPropertiesRebinderAutoConfiguration' of type [org.springframework.cloud.autoconfigure.ConfigurationPropertiesRebinderAutoConfiguration] is not eligible for getting processed by all BeanPostProcessors (for example: not eligible for auto-proxying)
2020-08-27 00:14:38,402 INFO o.s.b.SpringApplication [restartedMain] No active profile set, falling back to default profiles: default
2020-08-27 00:14:39,980 INFO o.s.c.c.s.GenericScope [restartedMain] BeanFactory id=5db6b1c2-e01d-392d-b350-a50903939766
2020-08-27 00:14:40,152 INFO o.s.c.s.PostProcessorRegistrationDelegate$BeanPostProcessorChecker [restartedMain] Bean 'org.springframework.cloud.autoconfigure.ConfigurationPropertiesRebinderAutoConfiguration' of type [org.springframework.cloud.autoconfigure.ConfigurationPropertiesRebinderAutoConfiguration] is not eligible for getting processed by all BeanPostProcessors (for example: not eligible for auto-proxying)
2020-08-27 00:14:40,847 INFO o.s.b.w.e.t.TomcatWebServer [restartedMain] Tomcat initialized with port(s): 8091 (http)
2020-08-27 00:14:40,884 INFO o.a.j.l.DirectJDKLog [restartedMain] Initializing ProtocolHandler ["http-nio-8091"]
2020-08-27 00:14:40,886 INFO o.a.j.l.DirectJDKLog [restartedMain] Starting service [Tomcat]
2020-08-27 00:14:40,887 INFO o.a.j.l.DirectJDKLog [restartedMain] Starting Servlet engine: [Apache Tomcat/9.0.30]
2020-08-27 00:14:41,162 INFO o.a.j.l.DirectJDKLog [restartedMain] Initializing Spring embedded WebApplicationContext
2020-08-27 00:14:41,162 INFO o.s.b.w.s.c.ServletWebServerApplicationContext [restartedMain] Root WebApplicationContext: initialization completed in 2732 ms
2020-08-27 00:14:41,292 WARN c.n.c.s.URLConfigurationSource [restartedMain] No URLs will be polled as dynamic configuration sources.
2020-08-27 00:14:41,293 INFO c.n.c.s.URLConfigurationSource [restartedMain] To enable URLs as dynamic configuration sources, define System property archaius.configurationSource.additionalUrls or make config.properties available on classpath.
2020-08-27 00:14:41,301 WARN c.n.c.s.URLConfigurationSource [restartedMain] No URLs will be polled as dynamic configuration sources.
2020-08-27 00:14:41,302 INFO c.n.c.s.URLConfigurationSource [restartedMain] To enable URLs as dynamic configuration sources, define System property archaius.configurationSource.additionalUrls or make config.properties available on classpath.
2020-08-27 00:14:41,691 INFO o.s.s.c.ExecutorConfigurationSupport [restartedMain] Initializing ExecutorService 'applicationTaskExecutor'
2020-08-27 00:14:42,187 WARN o.s.b.d.a.OptionalLiveReloadServer [restartedMain] Unable to start LiveReload server
2020-08-27 00:14:44,492 WARN o.s.c.l.c.BlockingLoadBalancerClientAutoConfiguration$BlockingLoadBalancerClientRibbonWarnLogger [restartedMain] You already have RibbonLoadBalancerClient on your classpath. It will be used by default. As Spring Cloud Ribbon is in maintenance mode. We recommend switching to BlockingLoadBalancerClient instead. In order to use it, set the value of `spring.cloud.loadbalancer.ribbon.enabled` to `false` or remove spring-cloud-starter-netflix-ribbon from your project.
2020-08-27 00:14:44,667 WARN o.s.c.l.c.LoadBalancerCacheAutoConfiguration$LoadBalancerCaffeineWarnLogger [restartedMain] Spring Cloud LoadBalancer is currently working with default default cache. You can switch to using Caffeine cache, by adding it to the classpath.
2020-08-27 00:14:44,878 INFO o.s.c.n.e.InstanceInfoFactory [restartedMain] Setting initial instance status as: STARTING
2020-08-27 00:14:44,968 INFO c.n.d.DiscoveryClient [restartedMain] Initializing Eureka in region us-east-1
2020-08-27 00:14:45,916 INFO c.n.d.p.DiscoveryJerseyProvider [restartedMain] Using JSON encoding codec LegacyJacksonJson
2020-08-27 00:14:45,916 INFO c.n.d.p.DiscoveryJerseyProvider [restartedMain] Using JSON decoding codec LegacyJacksonJson
2020-08-27 00:14:46,139 INFO c.n.d.p.DiscoveryJerseyProvider [restartedMain] Using XML encoding codec XStreamXml
2020-08-27 00:14:46,140 INFO c.n.d.p.DiscoveryJerseyProvider [restartedMain] Using XML decoding codec XStreamXml
2020-08-27 00:14:46,523 INFO c.n.d.s.r.a.ConfigClusterResolver [restartedMain] Resolving eureka endpoints via configuration
2020-08-27 00:14:46,978 INFO c.n.d.DiscoveryClient [restartedMain] Disable delta property : false
2020-08-27 00:14:46,979 INFO c.n.d.DiscoveryClient [restartedMain] Single vip registry refresh property : null
2020-08-27 00:14:46,980 INFO c.n.d.DiscoveryClient [restartedMain] Force full registry fetch : false
2020-08-27 00:14:46,980 INFO c.n.d.DiscoveryClient [restartedMain] Application is null : false
2020-08-27 00:14:46,980 INFO c.n.d.DiscoveryClient [restartedMain] Registered Applications size is zero : true
2020-08-27 00:14:46,980 INFO c.n.d.DiscoveryClient [restartedMain] Application version is -1: true
2020-08-27 00:14:46,981 INFO c.n.d.DiscoveryClient [restartedMain] Getting all instance registry info from the eureka server
2020-08-27 00:14:47,327 INFO c.n.d.DiscoveryClient [restartedMain] The response status is 200
2020-08-27 00:14:47,348 INFO c.n.d.DiscoveryClient [restartedMain] Starting heartbeat executor: renew interval is: 30
2020-08-27 00:14:47,354 INFO c.n.d.InstanceInfoReplicator [restartedMain] InstanceInfoReplicator onDemand update allowed rate per min is 4
2020-08-27 00:14:47,361 INFO c.n.d.DiscoveryClient [restartedMain] Discovery Client initialized at timestamp 1598467487358 with initial instances count: 0
2020-08-27 00:14:47,363 INFO o.s.c.n.e.s.EurekaServiceRegistry [restartedMain] Registering application PRODUCTS with eureka with status UP
2020-08-27 00:14:47,364 INFO c.n.d.DiscoveryClient$3 [restartedMain] Saw local status change event StatusChangeEvent [timestamp=1598467487364, current=UP, previous=STARTING]
2020-08-27 00:14:47,367 INFO c.n.d.DiscoveryClient [DiscoveryClient-InstanceInfoReplicator-0] DiscoveryClient_PRODUCTS/host.docker.internal:products:8091: registering service...
2020-08-27 00:14:47,393 INFO o.a.j.l.DirectJDKLog [restartedMain] Starting ProtocolHandler ["http-nio-8091"]
2020-08-27 00:14:47,453 INFO o.s.b.w.e.t.TomcatWebServer [restartedMain] Tomcat started on port(s): 8091 (http) with context path ''
2020-08-27 00:14:47,455 INFO o.s.c.n.e.s.EurekaAutoServiceRegistration [restartedMain] Updating port to 8091
2020-08-27 00:14:47,575 INFO c.n.d.DiscoveryClient [DiscoveryClient-InstanceInfoReplicator-0] DiscoveryClient_PRODUCTS/host.docker.internal:products:8091 - registration status: 204
2020-08-27 00:14:48,088 INFO o.s.b.StartupInfoLogger [restartedMain] Started ProductsApplication in 12.517 seconds (JVM running for 14.997)
