2020-02-17 10:24:40,814 INFO o.s.b.l.DeferredLog [restartedMain] Devtools property defaults active! Set 'spring.devtools.add-properties' to 'false' to disable
2020-02-17 10:24:41,136 INFO o.s.c.s.PostProcessorRegistrationDelegate$BeanPostProcessorChecker [restartedMain] Bean 'org.springframework.cloud.autoconfigure.ConfigurationPropertiesRebinderAutoConfiguration' of type [org.springframework.cloud.autoconfigure.ConfigurationPropertiesRebinderAutoConfiguration] is not eligible for getting processed by all BeanPostProcessors (for example: not eligible for auto-proxying)
2020-02-17 10:24:42,096 INFO o.s.b.SpringApplication [restartedMain] No active profile set, falling back to default profiles: default
2020-02-17 10:24:43,490 INFO o.s.c.c.s.GenericScope [restartedMain] BeanFactory id=09844a72-575b-3674-9560-75c7d85039ec
2020-02-17 10:24:43,622 INFO o.s.c.s.PostProcessorRegistrationDelegate$BeanPostProcessorChecker [restartedMain] Bean 'org.springframework.cloud.autoconfigure.ConfigurationPropertiesRebinderAutoConfiguration' of type [org.springframework.cloud.autoconfigure.ConfigurationPropertiesRebinderAutoConfiguration] is not eligible for getting processed by all BeanPostProcessors (for example: not eligible for auto-proxying)
2020-02-17 10:24:44,502 INFO o.s.b.w.e.t.TomcatWebServer [restartedMain] Tomcat initialized with port(s): 8094 (http)
2020-02-17 10:24:44,551 INFO o.a.j.l.DirectJDKLog [restartedMain] Initializing ProtocolHandler ["http-nio-8094"]
2020-02-17 10:24:44,553 INFO o.a.j.l.DirectJDKLog [restartedMain] Starting service [Tomcat]
2020-02-17 10:24:44,554 INFO o.a.j.l.DirectJDKLog [restartedMain] Starting Servlet engine: [Apache Tomcat/9.0.30]
2020-02-17 10:24:44,770 INFO o.a.j.l.DirectJDKLog [restartedMain] Initializing Spring embedded WebApplicationContext
2020-02-17 10:24:44,770 INFO o.s.b.w.s.c.ServletWebServerApplicationContext [restartedMain] Root WebApplicationContext: initialization completed in 2653 ms
2020-02-17 10:24:44,863 WARN c.n.c.s.URLConfigurationSource [restartedMain] No URLs will be polled as dynamic configuration sources.
2020-02-17 10:24:44,864 INFO c.n.c.s.URLConfigurationSource [restartedMain] To enable URLs as dynamic configuration sources, define System property archaius.configurationSource.additionalUrls or make config.properties available on classpath.
2020-02-17 10:24:44,876 WARN c.n.c.s.URLConfigurationSource [restartedMain] No URLs will be polled as dynamic configuration sources.
2020-02-17 10:24:44,876 INFO c.n.c.s.URLConfigurationSource [restartedMain] To enable URLs as dynamic configuration sources, define System property archaius.configurationSource.additionalUrls or make config.properties available on classpath.
2020-02-17 10:24:46,898 INFO o.s.s.c.ExecutorConfigurationSupport [restartedMain] Initializing ExecutorService 'applicationTaskExecutor'
2020-02-17 10:24:47,187 WARN o.s.b.d.a.OptionalLiveReloadServer [restartedMain] Unable to start LiveReload server
2020-02-17 10:24:53,491 WARN o.s.c.l.c.BlockingLoadBalancerClientAutoConfiguration$BlockingLoadBalancerClientRibbonWarnLogger [restartedMain] You already have RibbonLoadBalancerClient on your classpath. It will be used by default. As Spring Cloud Ribbon is in maintenance mode. We recommend switching to BlockingLoadBalancerClient instead. In order to use it, set the value of `spring.cloud.loadbalancer.ribbon.enabled` to `false` or remove spring-cloud-starter-netflix-ribbon from your project.
2020-02-17 10:24:53,572 WARN o.s.c.l.c.LoadBalancerCacheAutoConfiguration$LoadBalancerCaffeineWarnLogger [restartedMain] Spring Cloud LoadBalancer is currently working with default default cache. You can switch to using Caffeine cache, by adding it to the classpath.
2020-02-17 10:24:53,718 INFO o.s.c.n.e.InstanceInfoFactory [restartedMain] Setting initial instance status as: STARTING
2020-02-17 10:24:53,886 INFO c.n.d.DiscoveryClient [restartedMain] Initializing Eureka in region us-east-1
2020-02-17 10:24:55,375 INFO c.n.d.p.DiscoveryJerseyProvider [restartedMain] Using JSON encoding codec LegacyJacksonJson
2020-02-17 10:24:55,377 INFO c.n.d.p.DiscoveryJerseyProvider [restartedMain] Using JSON decoding codec LegacyJacksonJson
2020-02-17 10:24:55,635 INFO c.n.d.p.DiscoveryJerseyProvider [restartedMain] Using XML encoding codec XStreamXml
2020-02-17 10:24:55,635 INFO c.n.d.p.DiscoveryJerseyProvider [restartedMain] Using XML decoding codec XStreamXml
2020-02-17 10:24:56,014 INFO c.n.d.s.r.a.ConfigClusterResolver [restartedMain] Resolving eureka endpoints via configuration
2020-02-17 10:24:56,765 INFO c.n.d.DiscoveryClient [restartedMain] Disable delta property : false
2020-02-17 10:24:56,765 INFO c.n.d.DiscoveryClient [restartedMain] Single vip registry refresh property : null
2020-02-17 10:24:56,765 INFO c.n.d.DiscoveryClient [restartedMain] Force full registry fetch : false
2020-02-17 10:24:56,766 INFO c.n.d.DiscoveryClient [restartedMain] Application is null : false
2020-02-17 10:24:56,766 INFO c.n.d.DiscoveryClient [restartedMain] Registered Applications size is zero : true
2020-02-17 10:24:56,766 INFO c.n.d.DiscoveryClient [restartedMain] Application version is -1: true
2020-02-17 10:24:56,767 INFO c.n.d.DiscoveryClient [restartedMain] Getting all instance registry info from the eureka server
2020-02-17 10:24:57,027 INFO c.n.d.DiscoveryClient [restartedMain] The response status is 200
2020-02-17 10:24:57,030 INFO c.n.d.DiscoveryClient [restartedMain] Starting heartbeat executor: renew interval is: 30
2020-02-17 10:24:57,034 INFO c.n.d.InstanceInfoReplicator [restartedMain] InstanceInfoReplicator onDemand update allowed rate per min is 4
2020-02-17 10:24:57,039 INFO c.n.d.DiscoveryClient [restartedMain] Discovery Client initialized at timestamp 1581915297037 with initial instances count: 0
2020-02-17 10:24:57,041 INFO o.s.c.n.e.s.EurekaServiceRegistry [restartedMain] Registering application PAYMENT with eureka with status UP
2020-02-17 10:24:57,042 INFO c.n.d.DiscoveryClient$3 [restartedMain] Saw local status change event StatusChangeEvent [timestamp=1581915297042, current=UP, previous=STARTING]
2020-02-17 10:24:57,062 INFO o.a.j.l.DirectJDKLog [restartedMain] Starting ProtocolHandler ["http-nio-8094"]
2020-02-17 10:24:57,106 INFO o.s.b.w.e.t.TomcatWebServer [restartedMain] Tomcat started on port(s): 8094 (http) with context path ''
2020-02-17 10:24:57,110 INFO o.s.c.n.e.s.EurekaAutoServiceRegistration [restartedMain] Updating port to 8094
2020-02-17 10:24:57,387 INFO c.n.d.DiscoveryClient [DiscoveryClient-InstanceInfoReplicator-0] DiscoveryClient_PAYMENT/host.docker.internal:payment:8094: registering service...
2020-02-17 10:24:58,662 INFO o.s.b.StartupInfoLogger [restartedMain] Started PaymentApplication in 19.98 seconds (JVM running for 22.856)
2020-02-17 10:24:59,348 INFO c.n.d.DiscoveryClient [DiscoveryClient-InstanceInfoReplicator-0] DiscoveryClient_PAYMENT/host.docker.internal:payment:8094 - registration status: 204
2020-02-17 10:25:27,096 INFO c.n.d.DiscoveryClient [DiscoveryClient-CacheRefreshExecutor-0] Disable delta property : false
2020-02-17 10:25:27,098 INFO c.n.d.DiscoveryClient [DiscoveryClient-CacheRefreshExecutor-0] Single vip registry refresh property : null
2020-02-17 10:25:27,098 INFO c.n.d.DiscoveryClient [DiscoveryClient-CacheRefreshExecutor-0] Force full registry fetch : false
2020-02-17 10:25:27,098 INFO c.n.d.DiscoveryClient [DiscoveryClient-CacheRefreshExecutor-0] Application is null : false
2020-02-17 10:25:27,103 INFO c.n.d.DiscoveryClient [DiscoveryClient-CacheRefreshExecutor-0] Registered Applications size is zero : true
2020-02-17 10:25:27,104 INFO c.n.d.DiscoveryClient [DiscoveryClient-CacheRefreshExecutor-0] Application version is -1: false
2020-02-17 10:25:27,104 INFO c.n.d.DiscoveryClient [DiscoveryClient-CacheRefreshExecutor-0] Getting all instance registry info from the eureka server
2020-02-17 10:25:27,152 INFO c.n.d.DiscoveryClient [DiscoveryClient-CacheRefreshExecutor-0] The response status is 200
2020-02-17 10:26:06,203 INFO o.a.j.l.DirectJDKLog [http-nio-8094-exec-1] Initializing Spring DispatcherServlet 'dispatcherServlet'
2020-02-17 10:26:06,203 INFO o.s.w.s.FrameworkServlet [http-nio-8094-exec-1] Initializing Servlet 'dispatcherServlet'
2020-02-17 10:26:06,213 INFO o.s.w.s.FrameworkServlet [http-nio-8094-exec-1] Completed initialization in 10 ms
2020-02-17 10:26:06,289 INFO c.n.n.p.s.i.PaymentServiceImpl [http-nio-8094-exec-1] Making payment with mode PAYTM
2020-02-17 10:26:06,293 INFO c.n.n.p.s.i.PaytmPayment [http-nio-8094-exec-1] Payment done via Paytm 
2020-02-17 10:29:56,770 INFO c.n.d.s.r.a.ConfigClusterResolver [AsyncResolver-bootstrap-executor-0] Resolving eureka endpoints via configuration
2020-02-17 10:34:56,775 INFO c.n.d.s.r.a.ConfigClusterResolver [AsyncResolver-bootstrap-executor-0] Resolving eureka endpoints via configuration
2020-02-17 10:39:56,778 INFO c.n.d.s.r.a.ConfigClusterResolver [AsyncResolver-bootstrap-executor-0] Resolving eureka endpoints via configuration
2020-02-17 10:44:56,800 INFO c.n.d.s.r.a.ConfigClusterResolver [AsyncResolver-bootstrap-executor-0] Resolving eureka endpoints via configuration
2020-02-17 10:49:56,815 INFO c.n.d.s.r.a.ConfigClusterResolver [AsyncResolver-bootstrap-executor-0] Resolving eureka endpoints via configuration
2020-02-17 12:05:44,633 INFO c.n.d.s.r.a.ConfigClusterResolver [AsyncResolver-bootstrap-executor-0] Resolving eureka endpoints via configuration
2020-02-17 12:10:44,636 INFO c.n.d.s.r.a.ConfigClusterResolver [AsyncResolver-bootstrap-executor-0] Resolving eureka endpoints via configuration
